#
# There is insufficient memory for the Java Runtime Environment to continue.
# Native memory allocation (mmap) failed to map 2097152 bytes for Failed to commit area from 0x0000028f79a90000 to 0x0000028f79c90000 of length 2097152.
# Possible reasons:
#   The system is out of physical RAM or swap space
#   The process is running with CompressedOops enabled, and the Java Heap may be blocking the growth of the native heap
# Possible solutions:
#   Reduce memory load on the system
#   Increase physical memory or swap space
#   Check if swap backing store is full
#   Decrease Java heap size (-Xmx/-Xms)
#   Decrease number of Java threads
#   Decrease Java thread stack sizes (-Xss)
#   Set larger code cache with -XX:ReservedCodeCacheSize=
# This output file may be truncated or incomplete.
#
#  Out of Memory Error (t:/workspace/open/src/hotspot/os/windows/os_windows.cpp:3264), pid=18148, tid=16276
#
# JRE version:  (12.0.2+10) (build )
# Java VM: Java HotSpot(TM) 64-Bit Server VM (12.0.2+10, mixed mode, aot, sharing, tiered, compressed oops, g1 gc, windows-amd64)
# No core dump will be written. Minidumps are not enabled by default on client versions of Windows
#

---------------  S U M M A R Y ------------

Command Line: C:\Users\user\AppData\Local\Temp\surefire9175871615976232850\surefirebooter10789712581043816993.jar C:\Users\user\AppData\Local\Temp\surefire9175871615976232850 2022-10-20T11-47-47_630-jvmRun1 surefire3201407124937557574tmp surefire_012873040599277452483tmp

Host: Intel(R) Core(TM) i5-4300U CPU @ 1.90GHz, 4 cores, 7G,  Windows 10 , 64 bit Build 18362 (10.0.18362.2274)
Time: Thu Oct 20 11:47:48 2022 W. Central Africa Standard Time elapsed time: 0 seconds (0d 0h 0m 0s)

---------------  T H R E A D  ---------------

Current thread (0x0000028f5fcaa800):  JavaThread "Unknown thread" [_thread_in_vm, id=16276, stack(0x0000009e59c00000,0x0000009e59d00000)]

Stack: [0x0000009e59c00000,0x0000009e59d00000]
Native frames: (J=compiled Java code, j=interpreted, Vv=VM code, C=native code)
V  [jvm.dll+0x63aa2a]
V  [jvm.dll+0x78ce1e]
V  [jvm.dll+0x78e4c1]
V  [jvm.dll+0x78eb13]
V  [jvm.dll+0x2627e8]
V  [jvm.dll+0x637f5a]
V  [jvm.dll+0x62c845]
V  [jvm.dll+0x31e49c]
V  [jvm.dll+0x31e2cf]
V  [jvm.dll+0x324006]
V  [jvm.dll+0x371f69]
V  [jvm.dll+0x371720]
V  [jvm.dll+0x2f845a]
V  [jvm.dll+0x2f96d2]
V  [jvm.dll+0x767267]
V  [jvm.dll+0x7689f5]
V  [jvm.dll+0x380059]
V  [jvm.dll+0x74b794]
V  [jvm.dll+0x3ef5cd]
V  [jvm.dll+0x3f1471]
C  [jli.dll+0x51cf]
C  [ucrtbase.dll+0x210b2]
C  [KERNEL32.DLL+0x17c24]
C  [ntdll.dll+0x6d721]


---------------  P R O C E S S  ---------------

Threads class SMR info:
_java_thread_list=0x00007ff824267928, length=0, elements={
}

Java Threads: ( => current thread )

Other Threads:
  0x0000028f5fce8800 GCTaskThread "GC Thread#0" [stack: 0x0000009e59d00000,0x0000009e59e00000] [id=4304]
  0x0000028f5fcf6000 ConcurrentGCThread "G1 Main Marker" [stack: 0x0000009e59e00000,0x0000009e59f00000] [id=21124]
  0x0000028f5fcf7800 ConcurrentGCThread "G1 Conc#0" [stack: 0x0000009e59f00000,0x0000009e5a000000] [id=10128]

[error occurred during error reporting (printing all threads), id 0xc0000005, EXCEPTION_ACCESS_VIOLATION (0xc0000005) at pc=0x00007ff823a985e7]

VM state:not at safepoint (not fully initialized)

VM Mutex/Monitor currently owned by a thread:  ([mutex/lock_event])
[0x0000028f5fca63d0] Heap_lock - owner thread: 0x0000028f5fcaa800

Heap address: 0x0000000081800000, size: 2024 MB, Compressed Oops mode: Non-zero based: 0x0000000081800000
Narrow klass base: 0x0000000000000000, Narrow klass shift: 0

GC Heap History (0 events):
No events

Deoptimization events (0 events):
No events

Classes redefined (0 events):
No events

Internal exceptions (0 events):
No events

Events (0 events):
No events


Dynamic libraries:
0x00007ff7b7af0000 - 0x00007ff7b7aff000 	C:\Program Files\Java\jdk-12.0.2\bin\java.exe
0x00007ff899f60000 - 0x00007ff89a150000 	C:\WINDOWS\SYSTEM32\ntdll.dll
0x00007ff898e30000 - 0x00007ff898ee2000 	C:\WINDOWS\System32\KERNEL32.DLL
0x00007ff897da0000 - 0x00007ff898045000 	C:\WINDOWS\System32\KERNELBASE.dll
0x00007ff897190000 - 0x00007ff89728a000 	C:\WINDOWS\System32\ucrtbase.dll
0x00007ff888a40000 - 0x00007ff888a58000 	C:\Program Files\Java\jdk-12.0.2\bin\jli.dll
0x00007ff899340000 - 0x00007ff8993e5000 	C:\WINDOWS\System32\ADVAPI32.dll
0x00007ff899400000 - 0x00007ff89949e000 	C:\WINDOWS\System32\msvcrt.dll
0x00007ff898d90000 - 0x00007ff898e28000 	C:\WINDOWS\System32\sechost.dll
0x00007ff8994a0000 - 0x00007ff8995bb000 	C:\WINDOWS\System32\RPCRT4.dll
0x00007ff898bf0000 - 0x00007ff898d84000 	C:\WINDOWS\System32\USER32.dll
0x00007ff897010000 - 0x00007ff897031000 	C:\WINDOWS\System32\win32u.dll
0x00007ff899e80000 - 0x00007ff899ea6000 	C:\WINDOWS\System32\GDI32.dll
0x00007ff897c00000 - 0x00007ff897d98000 	C:\WINDOWS\System32\gdi32full.dll
0x00007ff893b40000 - 0x00007ff893b56000 	C:\Program Files\Java\jdk-12.0.2\bin\VCRUNTIME140.dll
0x00007ff897ab0000 - 0x00007ff897b4e000 	C:\WINDOWS\System32\msvcp_win.dll
0x00007ff87f500000 - 0x00007ff87f784000 	C:\WINDOWS\WinSxS\amd64_microsoft.windows.common-controls_6595b64144ccf1df_6.0.18362.2274_none_9e8067a5e45c3d75\COMCTL32.dll
0x00007ff898170000 - 0x00007ff8984a6000 	C:\WINDOWS\System32\combase.dll
0x00007ff898050000 - 0x00007ff8980d4000 	C:\WINDOWS\System32\bcryptPrimitives.dll
0x00007ff88b230000 - 0x00007ff88b23a000 	C:\WINDOWS\SYSTEM32\VERSION.dll
0x00007ff899cb0000 - 0x00007ff899cde000 	C:\WINDOWS\System32\IMM32.DLL
0x00007ff88a200000 - 0x00007ff88a2aa000 	C:\Program Files\Java\jdk-12.0.2\bin\msvcp140.dll
0x00007ff823790000 - 0x00007ff824307000 	C:\Program Files\Java\jdk-12.0.2\bin\server\jvm.dll
0x00007ff898160000 - 0x00007ff898168000 	C:\WINDOWS\System32\PSAPI.DLL
0x00007ff8855f0000 - 0x00007ff8855f9000 	C:\WINDOWS\SYSTEM32\WSOCK32.dll
0x00007ff8992c0000 - 0x00007ff89932f000 	C:\WINDOWS\System32\WS2_32.dll
0x00007ff8933f0000 - 0x00007ff893414000 	C:\WINDOWS\SYSTEM32\WINMM.dll
0x00007ff8933c0000 - 0x00007ff8933ed000 	C:\WINDOWS\SYSTEM32\winmmbase.dll
0x00007ff897a60000 - 0x00007ff897aaa000 	C:\WINDOWS\System32\cfgmgr32.dll
0x00007ff896f40000 - 0x00007ff896f51000 	C:\WINDOWS\System32\kernel.appcore.dll
0x00007ff890e60000 - 0x00007ff890e71000 	C:\Program Files\Java\jdk-12.0.2\bin\verify.dll
0x00007ff890680000 - 0x00007ff890874000 	C:\WINDOWS\SYSTEM32\DBGHELP.DLL
0x00007ff886770000 - 0x00007ff88679a000 	C:\WINDOWS\SYSTEM32\dbgcore.DLL
0x00007ff88bea0000 - 0x00007ff88bec6000 	C:\Program Files\Java\jdk-12.0.2\bin\java.dll
0x00007ff88be80000 - 0x00007ff88be97000 	C:\Program Files\Java\jdk-12.0.2\bin\zip.dll
0x00007ff893b30000 - 0x00007ff893b3a000 	C:\Program Files\Java\jdk-12.0.2\bin\jimage.dll

dbghelp: loaded successfully - version: 4.0.5 - missing functions: none
symbol engine: initialized successfully - sym options: 0x614 - pdb path: .;C:\Program Files\Java\jdk-12.0.2\bin;C:\WINDOWS\SYSTEM32;C:\WINDOWS\WinSxS\amd64_microsoft.windows.common-controls_6595b64144ccf1df_6.0.18362.2274_none_9e8067a5e45c3d75;C:\Program Files\Java\jdk-12.0.2\bin\server

VM Arguments:
java_command: C:\Users\user\AppData\Local\Temp\surefire9175871615976232850\surefirebooter10789712581043816993.jar C:\Users\user\AppData\Local\Temp\surefire9175871615976232850 2022-10-20T11-47-47_630-jvmRun1 surefire3201407124937557574tmp surefire_012873040599277452483tmp
java_class_path (initial): C:\Users\user\AppData\Local\Temp\surefire9175871615976232850\surefirebooter10789712581043816993.jar
Launcher Type: SUN_STANDARD

[Global flags]
     intx CICompilerCount                          = 3                                         {product} {ergonomic}
     uint ConcGCThreads                            = 1                                         {product} {ergonomic}
     uint G1ConcRefinementThreads                  = 4                                         {product} {ergonomic}
   size_t G1HeapRegionSize                         = 1048576                                   {product} {ergonomic}
    uintx GCDrainStackTargetSize                   = 64                                        {product} {ergonomic}
   size_t InitialHeapSize                          = 134217728                                 {product} {ergonomic}
   size_t MarkStackSize                            = 4194304                                   {product} {ergonomic}
   size_t MaxHeapSize                              = 2122317824                                {product} {ergonomic}
   size_t MinHeapDeltaBytes                        = 1048576                                   {product} {ergonomic}
    uintx NonNMethodCodeHeapSize                   = 5830732                                {pd product} {ergonomic}
    uintx NonProfiledCodeHeapSize                  = 122913754                              {pd product} {ergonomic}
    uintx ProfiledCodeHeapSize                     = 122913754                              {pd product} {ergonomic}
    uintx ReservedCodeCacheSize                    = 251658240                              {pd product} {ergonomic}
     bool SegmentedCodeCache                       = true                                      {product} {ergonomic}
     bool UseCompressedClassPointers               = true                                 {lp64_product} {ergonomic}
     bool UseCompressedOops                        = true                                 {lp64_product} {ergonomic}
     bool UseG1GC                                  = true                                      {product} {ergonomic}
     bool UseLargePagesIndividualAllocation        = false                                  {pd product} {ergonomic}

Logging:
Log output configuration:
 #0: stdout all=warning uptime,level,tags
 #1: stderr all=off uptime,level,tags

Environment Variables:
JAVA_HOME=C:\Program Files\Java\jdk-12.0.2
PATH=C:\Program Files (x86)\Common Files\Oracle\Java\javapath;C:\ProgramData\Oracle\Java\javapath;C:\WINDOWS\system32;C:\WINDOWS;C:\WINDOWS\System32\Wbem;C:\WINDOWS\System32\WindowsPowerShell\v1.0\;C:\xampp\php;C:\ProgramData\ComposerSetup\bin;C:\Program Files\Git\cmd;C:\Gradle\bin;C:\FPC\3.0.4\bin\i386-Win32;D:\src\flutter\bin;C:\Users\user\AppData\Local\Android\Sdk\platform-tools;C:\Users\user\AppData\Local\Android\Sdk\emulator;C:\Users\user\AppData\Local\Android\Sdk\tools\bin;C:\WINDOWS\System32\OpenSSH\;C:\Program Files\CMake\bin;C:\Program Files\Java\jdk1.8.0_231\bin;C:\Program Files\nodejs\;C:\Program Files\MongoDB\Server\4.4\bin;C:\Program Files\PuTTY\;C:\Program Files\Git\bin;C:\solana-release\bin;C:\Program Files\PostgreSQL\14\bin;C:\Program Files\Kubernetes\Minikube;C:\Program Files\Docker\Docker\resources\bin;C:\ProgramData\DockerDesktop\version-bin;C:\symfony;C:\Users\user\.local\share\solana\install\active_release\bin;C:\Users\user\AppData\Local\Programs\Python\Python38\Scripts\;C:\Users\user\AppData\Local\Programs\Python\Python38\;C:\Users\user\AppData\Roaming\Composer\vendor\bin;C:\FPC\3.0.4\bin;C:\Program Files\Geth;C:\flutter\flutter\bin;C:\flutter\flutter\bin\cache\dart-sdk\bin;C:\Users\user\AppData\Local\Microsoft\WindowsApps;C:\Program Files\Java\jre1.8.0_241\bin;C:\Program Files\heroku\bin;C:\Program Files\JetBrains\PyCharm Community Edition 2019.3.2\bin;C:\Users\user\AppData\Roaming\npm;C:\Users\user\AppData\Local\Programs\Microsoft VS Code\bin
USERNAME=user
OS=Windows_NT
PROCESSOR_IDENTIFIER=Intel64 Family 6 Model 69 Stepping 1, GenuineIntel



---------------  S Y S T E M  ---------------

OS: Windows 10 , 64 bit Build 18362 (10.0.18362.2274)

CPU:total 4 (initial active 4) (2 cores per cpu, 2 threads per core) family 6 model 69 stepping 1, cmov, cx8, fxsr, mmx, sse, sse2, sse3, ssse3, sse4.1, sse4.2, popcnt, avx, avx2, aes, clmul, erms, lzcnt, ht, tsc, tscinvbit, bmi1, bmi2, fma

Memory: 4k page, system-wide physical 8089M (1088M free)
TotalPageFile size 12278M (AvailPageFile size 17M)
current process WorkingSet (physical memory assigned to process): 9M, peak: 9M
current process commit charge ("private bytes"): 180M, peak: 182M

vm_info: Java HotSpot(TM) 64-Bit Server VM (12.0.2+10) for windows-amd64 JRE (12.0.2+10), built on Jul 16 2019 01:56:17 by "mach5one" with MS VC++ 15.5 (VS2017)

END.
